<?xml version="1.0" encoding="UTF-8"?>
<coverage generated="1656644648695" clover="3.2.0">
  <project timestamp="1656644648695" name="All files">
    <metrics statements="42" coveredstatements="15" conditionals="3" coveredconditionals="3" methods="6" coveredmethods="2" elements="51" coveredelements="20" complexity="0" loc="42" ncloc="42" packages="1" files="5" classes="5"/>
    <file name="main.ts" path="/home/caiodallecio/Documents/dev/apotheke/src/main.ts">
      <metrics statements="7" coveredstatements="0" conditionals="0" coveredconditionals="0" methods="1" coveredmethods="0"/>
      <line num="1" count="0" type="stmt"/>
      <line num="2" count="0" type="stmt"/>
      <line num="3" count="0" type="stmt"/>
      <line num="6" count="0" type="stmt"/>
      <line num="7" count="0" type="stmt"/>
      <line num="13" count="0" type="stmt"/>
      <line num="15" count="0" type="stmt"/>
    </file>
    <file name="repository.controller.ts" path="/home/caiodallecio/Documents/dev/apotheke/src/repository.controller.ts">
      <metrics statements="7" coveredstatements="0" conditionals="0" coveredconditionals="0" methods="2" coveredmethods="0"/>
      <line num="1" count="0" type="stmt"/>
      <line num="2" count="0" type="stmt"/>
      <line num="3" count="0" type="stmt"/>
      <line num="6" count="0" type="stmt"/>
      <line num="7" count="0" type="stmt"/>
      <line num="10" count="0" type="stmt"/>
      <line num="11" count="0" type="stmt"/>
    </file>
    <file name="repository.dto.ts" path="/home/caiodallecio/Documents/dev/apotheke/src/repository.dto.ts">
      <metrics statements="9" coveredstatements="0" conditionals="0" coveredconditionals="0" methods="1" coveredmethods="0"/>
      <line num="1" count="0" type="stmt"/>
      <line num="3" count="0" type="stmt"/>
      <line num="6" count="0" type="stmt"/>
      <line num="10" count="0" type="stmt"/>
      <line num="14" count="0" type="stmt"/>
      <line num="17" count="0" type="stmt"/>
      <line num="23" count="0" type="stmt"/>
      <line num="104" count="0" type="stmt"/>
      <line num="112" count="0" type="stmt"/>
    </file>
    <file name="repository.module.ts" path="/home/caiodallecio/Documents/dev/apotheke/src/repository.module.ts">
      <metrics statements="4" coveredstatements="0" conditionals="0" coveredconditionals="0" methods="0" coveredmethods="0"/>
      <line num="1" count="0" type="stmt"/>
      <line num="2" count="0" type="stmt"/>
      <line num="3" count="0" type="stmt"/>
      <line num="10" count="0" type="stmt"/>
    </file>
    <file name="repository.service.ts" path="/home/caiodallecio/Documents/dev/apotheke/src/repository.service.ts">
      <metrics statements="15" coveredstatements="15" conditionals="3" coveredconditionals="3" methods="2" coveredmethods="2"/>
      <line num="1" count="1" type="stmt"/>
      <line num="2" count="1" type="stmt"/>
      <line num="6" count="1" type="stmt"/>
      <line num="7" count="1" type="stmt"/>
      <line num="10" count="4" type="stmt"/>
      <line num="12" count="4" type="stmt"/>
      <line num="14" count="4" type="cond" truecount="1" falsecount="0"/>
      <line num="16" count="4" type="cond" truecount="1" falsecount="0"/>
      <line num="18" count="4" type="stmt"/>
      <line num="20" count="4" type="stmt"/>
      <line num="24" count="2" type="stmt"/>
      <line num="26" count="2" type="stmt"/>
      <line num="27" count="2" type="stmt"/>
      <line num="29" count="2" type="cond" truecount="1" falsecount="0"/>
      <line num="31" count="1" type="stmt"/>
    </file>
  </project>
</coverage>
