TN:
SF:src/main.ts
FN:5,bootstrap
FNF:1
FNH:0
FNDA:0,bootstrap
DA:1,0
DA:2,0
DA:3,0
DA:6,0
DA:7,0
DA:13,0
DA:15,0
LF:7
LH:0
BRF:0
BRH:0
end_of_record
TN:
SF:src/repository.controller.ts
FN:7,(anonymous_4)
FN:10,(anonymous_5)
FNF:2
FNH:0
FNDA:0,(anonymous_4)
FNDA:0,(anonymous_5)
DA:1,0
DA:2,0
DA:3,0
DA:6,0
DA:7,0
DA:10,0
DA:11,0
LF:7
LH:0
BRF:0
BRH:0
end_of_record
TN:
SF:src/repository.dto.ts
FN:3,(anonymous_2)
FNF:1
FNH:0
FNDA:0,(anonymous_2)
DA:1,0
DA:3,0
DA:6,0
DA:10,0
DA:14,0
DA:17,0
DA:23,0
DA:104,0
DA:112,0
LF:9
LH:0
BRF:0
BRH:0
end_of_record
TN:
SF:src/repository.module.ts
FNF:0
FNH:0
DA:1,0
DA:2,0
DA:3,0
DA:10,0
LF:4
LH:0
BRF:0
BRH:0
end_of_record
TN:
SF:src/repository.service.ts
FN:9,(anonymous_1)
FN:23,(anonymous_2)
FNF:2
FNH:2
FNDA:4,(anonymous_1)
FNDA:2,(anonymous_2)
DA:1,1
DA:2,1
DA:6,1
DA:7,1
DA:10,4
DA:12,4
DA:14,4
DA:16,4
DA:18,4
DA:20,4
DA:24,2
DA:26,2
DA:27,2
DA:29,2
DA:31,1
LF:15
LH:15
BRDA:14,0,0,1
BRDA:16,1,0,1
BRDA:29,2,0,1
BRF:3
BRH:3
end_of_record
